# JRE version: Java(TM) SE Runtime Environment (7.0_45-b18) (build 1.7.0_45-b18)
# Java VM: Java HotSpot(TM) Client VM (24.45-b08 mixed mode, sharing windows-x86 )
Heap
 def new generation   total 4928K, used 2862K [0x24270000, 0x247c0000, 0x297c0000)
  eden space 4416K,  53% used [0x24270000, 0x244bbb80, 0x246c0000)
  from space 512K, 100% used [0x246c0000, 0x24740000, 0x24740000)
  to   space 512K,   0% used [0x24740000, 0x24740000, 0x247c0000)
 tenured generation   total 10944K, used 1775K [0x297c0000, 0x2a270000, 0x34270000)
   the space 10944K,  16% used [0x297c0000, 0x2997bcf0, 0x2997be00, 0x2a270000)
 compacting perm gen  total 12288K, used 3424K [0x34270000, 0x34e70000, 0x38270000)
   the space 12288K,  27% used [0x34270000, 0x345c8380, 0x345c8400, 0x34e70000)
    ro space 10240K,  44% used [0x38270000, 0x386e7808, 0x386e7a00, 0x38c70000)
    rw space 12288K,  52% used [0x38c70000, 0x392be610, 0x392be800, 0x39870000)
GC Heap History (4 events):
Event: 7.316 GC heap before
{Heap before GC invocations=0 (full 0):
 def new generation   total 4928K, used 4416K [0x24270000, 0x247c0000, 0x297c0000)
  eden space 4416K, 100% used [0x24270000, 0x246c0000, 0x246c0000)
  from space 512K,   0% used [0x246c0000, 0x246c0000, 0x24740000)
  to   space 512K,   0% used [0x24740000, 0x24740000, 0x247c0000)
 tenured generation   total 10944K, used 0K [0x297c0000, 0x2a270000, 0x34270000)
   the space 10944K,   0% used [0x297c0000, 0x297c0000, 0x297c0200, 0x2a270000)
 compacting perm gen  total 12288K, used 2703K [0x34270000, 0x34e70000, 0x38270000)
   the space 12288K,  21% used [0x34270000, 0x34513cf0, 0x34513e00, 0x34e70000)
    ro space 10240K,  44% used [0x38270000, 0x386e7808, 0x386e7a00, 0x38c70000)
    rw space 12288K,  52% used [0x38c70000, 0x392be610, 0x392be800, 0x39870000)
Event: 7.690 GC heap after
Heap after GC invocations=1 (full 0):
 def new generation   total 4928K, used 512K [0x24270000, 0x247c0000, 0x297c0000)
  eden space 4416K,   0% used [0x24270000, 0x24270000, 0x246c0000)
  from space 512K, 100% used [0x24740000, 0x247c0000, 0x247c0000)
  to   space 512K,   0% used [0x246c0000, 0x246c0000, 0x24740000)
 tenured generation   total 10944K, used 1061K [0x297c0000, 0x2a270000, 0x34270000)
   the space 10944K,   9% used [0x297c0000, 0x298c9648, 0x298c9800, 0x2a270000)
 compacting perm gen  total 12288K, used 2703K [0x34270000, 0x34e70000, 0x38270000)
   the space 12288K,  21% used [0x34270000, 0x34513cf0, 0x34513e00, 0x34e70000)
    ro space 10240K,  44% used [0x38270000, 0x386e7808, 0x386e7a00, 0x38c70000)
    rw space 12288K,  52% used [0x38c70000, 0x392be610, 0x392be800, 0x39870000)
}
Event: 23.087 GC heap before
{Heap before GC invocations=1 (full 0):
 def new generation   total 4928K, used 4928K [0x24270000, 0x247c0000, 0x297c0000)
  eden space 4416K, 100% used [0x24270000, 0x246c0000, 0x246c0000)
  from space 512K, 100% used [0x24740000, 0x247c0000, 0x247c0000)
  to   space 512K,   0% used [0x246c0000, 0x246c0000, 0x24740000)
 tenured generation   total 10944K, used 1061K [0x297c0000, 0x2a270000, 0x34270000)
   the space 10944K,   9% used [0x297c0000, 0x298c9648, 0x298c9800, 0x2a270000)
 compacting perm gen  total 12288K, used 3355K [0x34270000, 0x34e70000, 0x38270000)
   the space 12288K,  27% used [0x34270000, 0x345b6f98, 0x345b7000, 0x34e70000)
    ro space 10240K,  44% used [0x38270000, 0x386e7808, 0x386e7a00, 0x38c70000)
    rw space 12288K,  52% used [0x38c70000, 0x392be610, 0x392be800, 0x39870000)
Event: 23.451 GC heap after
Heap after GC invocations=2 (full 0):
 def new generation   total 4928K, used 512K [0x24270000, 0x247c0000, 0x297c0000)
  eden space 4416K,   0% used [0x24270000, 0x24270000, 0x246c0000)
  from space 512K, 100% used [0x246c0000, 0x24740000, 0x24740000)
  to   space 512K,   0% used [0x24740000, 0x24740000, 0x247c0000)
 tenured generation   total 10944K, used 1775K [0x297c0000, 0x2a270000, 0x34270000)
   the space 10944K,  16% used [0x297c0000, 0x2997bcf0, 0x2997be00, 0x2a270000)
 compacting perm gen  total 12288K, used 3355K [0x34270000, 0x34e70000, 0x38270000)
   the space 12288K,  27% used [0x34270000, 0x345b6f98, 0x345b7000, 0x34e70000)
    ro space 10240K,  44% used [0x38270000, 0x386e7808, 0x386e7a00, 0x38c70000)
    rw space 12288K,  52% used [0x38c70000, 0x392be610, 0x392be800, 0x39870000)
}

